<?xml version="1.0" encoding="UTF-8"?>
<!-- Generated by org.testng.reporters.JUnitReportReporter -->
<testsuite hostname="DESKTOP-AGDID9L" name="Test.Shopbycatagorytest" tests="2" failures="0" timestamp="27 Jan 2019 02:10:03 GMT" time="21.067" errors="0">
  <testcase name="clickonkindlereader" time="10.509" classname="Test.Shopbycatagorytest"/>
  <testcase name="clickonshopbycatagory" time="10.558" classname="Test.Shopbycatagorytest"/>
</testsuite> <!-- Test.Shopbycatagorytest -->
