<?xml version="1.0" encoding="UTF-8"?>
<!-- Generated by org.testng.reporters.JUnitReportReporter -->
<testsuite hostname="DESKTOP-AGDID9L" name="Test.Amazonhomepagetest" tests="1" failures="0" timestamp="27 Jan 2019 02:10:03 GMT" time="3.762" errors="0">
  <testcase name="clickonhumbergermenui" time="3.762" classname="Test.Amazonhomepagetest"/>
</testsuite> <!-- Test.Amazonhomepagetest -->
