<?xml version="1.0" encoding="UTF-8"?>
<!-- Generated by org.testng.reporters.JUnitReportReporter -->
<testsuite hostname="DESKTOP-AGDID9L" name="Test.Kindlesearchpagetest" tests="3" failures="0" timestamp="27 Jan 2019 02:10:03 GMT" time="60.780" errors="0">
  <testcase name="clickonaddtocart" time="20.157" classname="Test.Kindlesearchpagetest"/>
  <testcase name="kindlreaderclick" time="20.075" classname="Test.Kindlesearchpagetest"/>
  <testcase name="clickkindle" time="20.548" classname="Test.Kindlesearchpagetest"/>
</testsuite> <!-- Test.Kindlesearchpagetest -->
