<?xml version="1.0" encoding="UTF-8"?>
<!-- Generated by org.testng.reporters.JUnitReportReporter -->
<testsuite hostname="DESKTOP-AGDID9L" name="Resources.baseclass" tests="1" failures="0" timestamp="14 Dec 2018 01:07:58 GMT" time="36.310" errors="0">
  <testcase name="desiredcapabilitie" time="36.310" classname="Resources.baseclass"/>
</testsuite> <!-- Resources.baseclass -->
