<?xml version="1.0" encoding="UTF-8"?>
<!-- Generated by org.testng.reporters.JUnitReportReporter -->
<testsuite hostname="DESKTOP-AGDID9L" name="Test.Shopbycatagorytest" tests="2" failures="0" timestamp="15 Dec 2018 17:33:28 GMT" time="17.597" errors="0">
  <testcase name="clickonkindlereader" time="7.133" classname="Test.Shopbycatagorytest"/>
  <testcase name="clickonshopbycatagory" time="10.464" classname="Test.Shopbycatagorytest"/>
</testsuite> <!-- Test.Shopbycatagorytest -->
