<?xml version="1.0" encoding="UTF-8"?>
<!-- Generated by org.testng.reporters.JUnitReportReporter -->
<testsuite hostname="DESKTOP-AGDID9L" name="Test.Amazonhomepagetest" tests="1" failures="0" timestamp="15 Dec 2018 17:33:28 GMT" time="3.289" errors="0">
  <testcase name="clickonhumbergermenui" time="3.289" classname="Test.Amazonhomepagetest"/>
</testsuite> <!-- Test.Amazonhomepagetest -->
