<?xml version="1.0" encoding="UTF-8"?>
<!-- Generated by org.testng.reporters.JUnitReportReporter -->
<testsuite hostname="DESKTOP-AGDID9L" name="Test.Kindlesearchpagetest" tests="3" failures="0" timestamp="15 Dec 2018 17:33:28 GMT" time="31.222" errors="0">
  <testcase name="clickonaddtocart" time="10.053" classname="Test.Kindlesearchpagetest"/>
  <testcase name="clickkindle" time="10.390" classname="Test.Kindlesearchpagetest"/>
  <testcase name="kindlreaderclick" time="10.779" classname="Test.Kindlesearchpagetest"/>
</testsuite> <!-- Test.Kindlesearchpagetest -->
